<?xml version="1.0" encoding="UTF-8"?>
<testsuite xmlns:xsi="http://www.w3.org/2001/XMLSchema-instance" xsi:noNamespaceSchemaLocation="https://maven.apache.org/surefire/maven-surefire-plugin/xsd/surefire-test-report-3.0.xsd" version="3.0" name="library.J_test_fine_tier" time="0.009" tests="5" errors="0" skipped="0" failures="0">
  <properties>
[...]
</properties>
  <testcase name="testFineTier[0]" classname="library.J_test_fine_tier" time="0.0"/>
  <testcase name="testFineTier[1]" classname="library.J_test_fine_tier" time="0.0"/>
  <testcase name="testFineTier[2]" classname="library.J_test_fine_tier" time="0.0"/>
  <testcase name="testFineTier[3]" classname="library.J_test_fine_tier" time="0.0"/>
  <testcase name="testFineTier[4]" classname="library.J_test_fine_tier" time="0.0"/>
</testsuite>